<?xml version="1.0" encoding="UTF-8"?>
<!-- Generated by org.testng.reporters.JUnitXMLReporter -->
<testsuite ignored="0" hostname="Deepshikhas-Air" failures="1" tests="2" name="ErrorValidationsTest" time="61.053" errors="0" timestamp="2025-03-18T21:13:03 IST">
  <testcase classname="ECommerce.Tests.ErrorValidationsTest" name="loginPageErrorValidation" time="0.873">
    <failure type="java.lang.AssertionError" message="expected:&amp;lt;Incorrect emailpassword.&amp;gt; but was:&amp;lt;Incorrect email or password.&amp;gt;">
      <![CDATA[java.lang.AssertionError: expected:<Incorrect emailpassword.> but was:<Incorrect email or password.>
at ECommerce.Tests.ErrorValidationsTest.loginPageErrorValidation(ErrorValidationsTest.java:33)
at java.base/java.util.ArrayList.forEach(ArrayList.java:1511)
at java.base/java.util.concurrent.FutureTask.run(FutureTask.java:264)
at java.base/java.util.concurrent.ThreadPoolExecutor.runWorker(ThreadPoolExecutor.java:1136)
at java.base/java.util.concurrent.ThreadPoolExecutor$Worker.run(ThreadPoolExecutor.java:635)
at java.base/java.lang.Thread.run(Thread.java:842)
... Removed 20 stack frames]]>
    </failure>
  </testcase> <!-- loginPageErrorValidation -->
  <testcase classname="ECommerce.Tests.ErrorValidationsTest" name="productPageErrorValidation" time="3.103"/>
</testsuite> <!-- ErrorValidationsTest -->
