<?xml version="1.0" encoding="UTF-8"?>
<!-- Generated by org.testng.reporters.JUnitXMLReporter -->
<testsuite ignored="0" hostname="Deepshikhas-MacBook-Air.local" failures="0" tests="3" name="SubmitOrdersTest" time="20.529" errors="0" timestamp="2025-03-19T12:38:04 IST">
  <testcase classname="ECommerce.Tests.SubmitOrdersTest" name="submitOrders" time="5.763"/>
  <testcase classname="ECommerce.Tests.SubmitOrdersTest" name="submitOrders" time="3.793"/>
  <testcase classname="ECommerce.Tests.SubmitOrdersTest" name="orderHistoryTest" time="0.46"/>
</testsuite> <!-- SubmitOrdersTest -->
