<?xml version="1.0" encoding="UTF-8"?>
<!-- Generated by org.testng.reporters.JUnitXMLReporter -->
<testsuite ignored="0" hostname="Deepshikhas-MacBook-Air.local" failures="0" tests="2" name="ErrorValidationsTest" time="2918.488" errors="0" timestamp="2025-03-25T07:25:37 IST">
  <testcase classname="ECommerce.Tests.ErrorValidationsTest" name="loginPageErrorValidation" time="0.51"/>
  <testcase classname="ECommerce.Tests.ErrorValidationsTest" name="productPageErrorValidation" time="0.0">
    <skipped/>
  </testcase> <!-- productPageErrorValidation -->
</testsuite> <!-- ErrorValidationsTest -->
